<?xml version="1.0" encoding="UTF-8"?>
<!-- Generated by org.testng.reporters.JUnitReportReporter -->
<testsuite hostname="DESKTOP-M3MU3D7" name="Admin.CreateSubjectRoutineTest" tests="1" failures="0" timestamp="8 Aug 2023 10:04:36 GMT" time="28.508" errors="0">
  <testcase name="createsubjectroutineTest" time="28.508" classname="Admin.CreateSubjectRoutineTest"/>
</testsuite> <!-- Admin.CreateSubjectRoutineTest -->
