<?xml version="1.0" encoding="UTF-8"?>
<!-- Generated by org.testng.reporters.JUnitReportReporter -->
<testsuite hostname="DESKTOP-M3MU3D7" name="Practice_TestNG.GoldMarket2Test" tests="1" failures="0" timestamp="16 Aug 2023 08:52:55 GMT" time="0.004" errors="0">
  <testcase name="market2" time="0.004" classname="Practice_TestNG.GoldMarket2Test"/>
</testsuite> <!-- Practice_TestNG.GoldMarket2Test -->
