<?xml version="1.0" encoding="UTF-8"?>
<!-- Generated by org.testng.reporters.JUnitReportReporter -->
<testsuite hostname="DESKTOP-M3MU3D7" name="Practice_TestNG.Updatedata_TestNGTest" tests="2" failures="0" timestamp="8 Aug 2023 11:39:05 GMT" time="0.046" errors="0">
  <testcase name="update" time="0.009" classname="Practice_TestNG.Updatedata_TestNGTest"/>
  <testcase name="update" time="0.037" classname="Practice_TestNG.Updatedata_TestNGTest"/>
</testsuite> <!-- Practice_TestNG.Updatedata_TestNGTest -->
