<?xml version="1.0" encoding="UTF-8"?>
<!-- Generated by org.testng.reporters.JUnitReportReporter -->
<testsuite hostname="DESKTOP-M3MU3D7" name="PracticeTest.ReadDataFromCommandLine" tests="1" failures="0" timestamp="30 Jul 2023 06:35:31 GMT" time="110.549" errors="0">
  <testcase name="readDataFromcmdLine" time="110.549" classname="PracticeTest.ReadDataFromCommandLine"/>
</testsuite> <!-- PracticeTest.ReadDataFromCommandLine -->
