<?xml version="1.0" encoding="UTF-8"?>
<!-- Generated by org.testng.reporters.JUnitReportReporter -->
<testsuite hostname="DESKTOP-M3MU3D7" name="Practice_TestNG.Deletedata_TestNGTest" tests="2" failures="0" timestamp="8 Aug 2023 11:39:05 GMT" time="0.006" errors="0">
  <testcase name="delete" time="0.004" classname="Practice_TestNG.Deletedata_TestNGTest"/>
  <testcase name="delete" time="0.002" classname="Practice_TestNG.Deletedata_TestNGTest"/>
</testsuite> <!-- Practice_TestNG.Deletedata_TestNGTest -->
