<?xml version="1.0" encoding="UTF-8"?>
<!-- Generated by org.testng.reporters.JUnitReportReporter -->
<testsuite hostname="DESKTOP-M3MU3D7" name="Admin.CreateStudentDetailTest" tests="1" failures="0" timestamp="8 Aug 2023 09:56:26 GMT" time="33.998" errors="0">
  <testcase name="createstudentdetail" time="33.998" classname="Admin.CreateStudentDetailTest"/>
</testsuite> <!-- Admin.CreateStudentDetailTest -->
