<?xml version="1.0" encoding="UTF-8"?>
<!-- Generated by org.testng.reporters.JUnitReportReporter -->
<testsuite hostname="DESKTOP-M3MU3D7" name="Parents.MyPaymentAndInvoiceTest" tests="1" failures="0" timestamp="9 Aug 2023 08:50:25 GMT" time="10.842" errors="0">
  <testcase name="myPaymentandinvoice" time="10.842" classname="Parents.MyPaymentAndInvoiceTest"/>
</testsuite> <!-- Parents.MyPaymentAndInvoiceTest -->
