<?xml version="1.0" encoding="UTF-8"?>
<!-- Generated by org.testng.reporters.JUnitReportReporter -->
<testsuite hostname="DESKTOP-M3MU3D7" name="Parents.StudentLogInTest" tests="1" failures="0" timestamp="8 Aug 2023 09:28:36 GMT" time="6.522" errors="0">
  <testcase name="studentlogin" time="6.522" classname="Parents.StudentLogInTest"/>
</testsuite> <!-- Parents.StudentLogInTest -->
