<?xml version="1.0" encoding="UTF-8"?>
<!-- Generated by org.testng.reporters.JUnitReportReporter -->
<testsuite hostname="DESKTOP-M3MU3D7" name="Parents.SonExamHistoryTest" tests="1" failures="0" timestamp="8 Aug 2023 09:17:58 GMT" time="6.177" errors="0">
  <testcase name="sonExamhistory" time="6.177" classname="Parents.SonExamHistoryTest"/>
</testsuite> <!-- Parents.SonExamHistoryTest -->
