<?xml version="1.0" encoding="UTF-8"?>
<!-- Generated by org.testng.reporters.JUnitReportReporter -->
<testsuite hostname="DESKTOP-M3MU3D7" name="PracticeTest.TestNGdemo" tests="3" failures="0" timestamp="4 Aug 2023 07:42:34 GMT" time="0.016" errors="0">
  <testcase name="delete" time="0.000" classname="PracticeTest.TestNGdemo"/>
  <testcase name="create" time="0.016" classname="PracticeTest.TestNGdemo"/>
  <testcase name="edit" time="0.000" classname="PracticeTest.TestNGdemo"/>
</testsuite> <!-- PracticeTest.TestNGdemo -->
