<?xml version="1.0" encoding="UTF-8"?>
<!-- Generated by org.testng.reporters.JUnitReportReporter -->
<testsuite hostname="DESKTOP-M3MU3D7" name="Teacher.AddStudentDataTest" tests="1" failures="0" timestamp="16 Aug 2023 09:14:47 GMT" time="9.263" errors="0">
  <testcase name="addStudentdataTest" time="9.263" classname="Teacher.AddStudentDataTest"/>
</testsuite> <!-- Teacher.AddStudentDataTest -->
