<?xml version="1.0" encoding="UTF-8"?>
<!-- Generated by org.testng.reporters.JUnitReportReporter -->
<testsuite hostname="DESKTOP-M3MU3D7" name="Practice_TestNG.LeadCreate_TestNGTest" tests="4" failures="0" timestamp="8 Aug 2023 11:39:05 GMT" time="0.010" errors="0">
  <testcase name="create" time="0.002" classname="Practice_TestNG.LeadCreate_TestNGTest"/>
  <testcase name="modify" time="0.002" classname="Practice_TestNG.LeadCreate_TestNGTest"/>
  <testcase name="create" time="0.002" classname="Practice_TestNG.LeadCreate_TestNGTest"/>
  <testcase name="modify" time="0.004" classname="Practice_TestNG.LeadCreate_TestNGTest"/>
</testsuite> <!-- Practice_TestNG.LeadCreate_TestNGTest -->
