<?xml version="1.0" encoding="UTF-8"?>
<!-- Generated by org.testng.reporters.JUnitReportReporter -->
<testsuite hostname="DESKTOP-M3MU3D7" name="PracticeTest.DP_GenericTest" tests="6" failures="0" timestamp="5 Aug 2023 18:39:15 GMT" time="0.044" errors="0">
  <testcase name="getData" time="0.004" classname="PracticeTest.DP_GenericTest"/>
  <testcase name="getData" time="0.005" classname="PracticeTest.DP_GenericTest"/>
  <testcase name="getData" time="0.005" classname="PracticeTest.DP_GenericTest"/>
  <testcase name="getData" time="0.006" classname="PracticeTest.DP_GenericTest"/>
  <testcase name="getData" time="0.019" classname="PracticeTest.DP_GenericTest"/>
  <testcase name="getData" time="0.005" classname="PracticeTest.DP_GenericTest"/>
</testsuite> <!-- PracticeTest.DP_GenericTest -->
