<?xml version="1.0" encoding="UTF-8"?>
<!-- Generated by org.testng.reporters.JUnitReportReporter -->
<testsuite hostname="DESKTOP-M3MU3D7" name="PracticeTest.DataProv_ExcelTest" tests="3" failures="0" timestamp="5 Aug 2023 14:45:14 GMT" time="0.028" errors="0">
  <testcase name="getDataFromExcel" time="0.003" classname="PracticeTest.DataProv_ExcelTest"/>
  <testcase name="getDataFromExcel" time="0.018" classname="PracticeTest.DataProv_ExcelTest"/>
  <testcase name="getDataFromExcel" time="0.007" classname="PracticeTest.DataProv_ExcelTest"/>
</testsuite> <!-- PracticeTest.DataProv_ExcelTest -->
