<?xml version="1.0" encoding="UTF-8"?>
<!-- Generated by org.testng.reporters.JUnitReportReporter -->
<testsuite hostname="DESKTOP-M3MU3D7" name="Teacher.NavigateToMyStudentTest" tests="1" failures="0" timestamp="16 Aug 2023 09:14:47 GMT" time="5.132" errors="0">
  <testcase name="navigatetostudent" time="5.132" classname="Teacher.NavigateToMyStudentTest"/>
</testsuite> <!-- Teacher.NavigateToMyStudentTest -->
