<?xml version="1.0" encoding="UTF-8"?>
<!-- Generated by org.testng.reporters.JUnitReportReporter -->
<testsuite hostname="DESKTOP-M3MU3D7" name="PracticeTest.DataProvideTest" tests="2" failures="0" timestamp="4 Aug 2023 09:17:05 GMT" time="0.041" errors="0">
  <testcase name="getData" time="0.015" classname="PracticeTest.DataProvideTest"/>
  <testcase name="getData" time="0.026" classname="PracticeTest.DataProvideTest"/>
</testsuite> <!-- PracticeTest.DataProvideTest -->
