<?xml version="1.0" encoding="UTF-8"?>
<!-- Generated by org.testng.reporters.JUnitReportReporter -->
<testsuite hostname="DESKTOP-M3MU3D7" name="PracticeTest.DataproviderTest" tests="2" failures="0" timestamp="5 Aug 2023 15:53:03 GMT" time="0.031" errors="0">
  <testcase name="getdata" time="0.000" classname="PracticeTest.DataproviderTest"/>
  <testcase name="getdata" time="0.031" classname="PracticeTest.DataproviderTest"/>
</testsuite> <!-- PracticeTest.DataproviderTest -->
