<?xml version="1.0" encoding="UTF-8"?>
<!-- Generated by org.testng.reporters.JUnitReportReporter -->
<testsuite hostname="DESKTOP-M3MU3D7" name="Practice_TestNG.TestNG_AnnotationTest" tests="1" failures="0" timestamp="7 Aug 2023 06:29:35 GMT" time="0.016" errors="0">
  <testcase name="create_org" time="0.016" classname="Practice_TestNG.TestNG_AnnotationTest"/>
</testsuite> <!-- Practice_TestNG.TestNG_AnnotationTest -->
