<?xml version="1.0" encoding="UTF-8"?>
<!-- Generated by org.testng.reporters.JUnitReportReporter -->
<testsuite hostname="DESKTOP-M3MU3D7" name="Practice_TestNG.ContactasCreate_TestNGTest" tests="6" failures="0" timestamp="8 Aug 2023 11:39:05 GMT" time="0.032" errors="0">
  <testcase name="modify" time="0.014" classname="Practice_TestNG.ContactasCreate_TestNGTest"/>
  <testcase name="create" time="0.002" classname="Practice_TestNG.ContactasCreate_TestNGTest"/>
  <testcase name="modify" time="0.003" classname="Practice_TestNG.ContactasCreate_TestNGTest"/>
  <testcase name="deleteContacts" time="0.003" classname="Practice_TestNG.ContactasCreate_TestNGTest"/>
  <testcase name="create" time="0.005" classname="Practice_TestNG.ContactasCreate_TestNGTest"/>
  <testcase name="deleteContacts" time="0.005" classname="Practice_TestNG.ContactasCreate_TestNGTest"/>
</testsuite> <!-- Practice_TestNG.ContactasCreate_TestNGTest -->
